==== s2-node-script @ 2026-05-09T18:27:58.993Z ====
SID: bashful-flint-5412
---- main output ----
user@nimbus:~/app$ node /home/user/app/s2.js
[facet started: pid=1 cmd="node /home/user/app/s2.js"]
S2 ok

────────────────────────────────────────────────────────────
Process 1 (node /home/user/app/s2.js) exited with code 0
────────────────────────────────────────────────────────────
S2 ok
────────────────────────────────────────────────────────────
[facet exited: pid=1 code=0 cmd="node /home/user/app/s2.js"]
user@nimbus:~/app$ 
----
---- summary ----
{
  "name": "s2-node-script",
  "sid": "bashful-flint-5412",
  "mainCmd": "node /home/user/app/s2.js",
  "mainElapsedMs": 52,
  "totalMs": 997,
  "heapBeforeBytes": 0,
  "heapAfterBytes": 0,
  "heapDeltaBytes": 0,
  "isolateGenBefore": 1,
  "isolateGenAfter": 1,
  "processesBefore": 0,
  "processesAfter": 1,
  "procsAfter": [
    {
      "pid": 1,
      "command": "node /home/user/app/s2.js",
      "state": "exited",
      "exitCode": 0,
      "longRunning": false,
      "hasLogs": true,
      "logBytes": 6,
      "startTime": 1778351281467
    }
  ]
}
