==== s5-npm-install-zod @ 2026-05-09T18:28:08.286Z ====
SID: bold-poppy-5125
---- main output ----
user@nimbus:~/app$ npm install zod
Installing 1 packages (npm v2 — batched writes)...
[npm] [npm] Lazy fetch-proxy: skipped (all facet paths default-on)
[npm] Checking lockfile...
[npm] Resolving 1 dependencies (path: fanout, fetch: global)...
[npm] [f2-frontier] N=0 width=1 resolved-so-far=0 seen=1
[npm]   resolver-fanout: 1 resolved, 1 packuments fetched (3.4 MiB), peak in-flight=1, cache writes=6, layers=1, elapsed=0.3s
[npm] Resolved 1 packages.
[npm] To fetch: 1, to restore: 0, already installed: 0
[npm] Fetching 1 packages... (path: batch-facet)
[npm] Dispatching 1 packages across 1 shard (in-do (POC C), internal pLimit=3)...
[npm] Batch-facet complete: 1/1 packages, 718 files, 0.7 MiB tarball bytes, peak in-flight=1, 0.4s
[npm] Done! 1 packages, 718 files in 0.7s

added 1 packages (718 files) in 0.7s
user@nimbus:~/app$ 
----
---- summary ----
{
  "name": "s5-npm-install-zod",
  "sid": "bold-poppy-5125",
  "mainCmd": "npm install zod",
  "mainElapsedMs": 711,
  "totalMs": 1654,
  "heapBeforeBytes": 0,
  "heapAfterBytes": 0,
  "heapDeltaBytes": 0,
  "isolateGenBefore": 1,
  "isolateGenAfter": 1,
  "processesBefore": 0,
  "processesAfter": 0,
  "procsAfter": []
}
