[repro-long] connecting wss://nimbus.ashishkmr472.workers.dev/s/snowy-peak-3541/ws, holdMinutes=6
{"t":0.9,"event":"ws_open"}
{"t":0.91,"event":"banner_seen","count":1,"deltaSinceLastMs":null}
{"t":1.11,"event":"first_prompt_seen"}
{"t":1.41,"event":"sent","label":"cd_app_npm_i","bytes":16}
{"t":10.32,"event":"sent","label":"npm_run_dev","bytes":12}
{"t":10.52,"event":"vite_running"}
{"t":42.53,"event":"sent","label":"enter_1","bytes":1}
{"t":42.73,"event":"probe_rt","probeCount":1,"ms":201,"sawAny":true}
{"t":72.73,"event":"sent","label":"enter_2","bytes":1}
{"t":72.93,"event":"probe_rt","probeCount":2,"ms":201,"sawAny":true}
{"t":102.93,"event":"sent","label":"enter_3","bytes":1}
{"t":103.13,"event":"probe_rt","probeCount":3,"ms":203,"sawAny":true}
{"t":133.13,"event":"sent","label":"enter_4","bytes":1}
{"t":133.33,"event":"probe_rt","probeCount":4,"ms":200,"sawAny":true}
{"t":163.34,"event":"sent","label":"enter_5","bytes":1}
{"t":163.53,"event":"probe_rt","probeCount":5,"ms":200,"sawAny":true}
{"t":193.54,"event":"sent","label":"enter_6","bytes":1}
{"t":193.74,"event":"probe_rt","probeCount":6,"ms":201,"sawAny":true}
{"t":223.74,"event":"sent","label":"enter_7","bytes":1}
{"t":223.94,"event":"probe_rt","probeCount":7,"ms":201,"sawAny":true}
{"t":253.94,"event":"sent","label":"enter_8","bytes":1}
{"t":254.14,"event":"probe_rt","probeCount":8,"ms":201,"sawAny":true}
{"t":284.14,"event":"sent","label":"enter_9","bytes":1}
{"t":284.34,"event":"probe_rt","probeCount":9,"ms":201,"sawAny":true}
{"t":314.34,"event":"sent","label":"enter_10","bytes":1}
{"t":314.54,"event":"probe_rt","probeCount":10,"ms":201,"sawAny":true}
{"t":344.55,"event":"sent","label":"enter_11","bytes":1}
{"t":344.75,"event":"probe_rt","probeCount":11,"ms":200,"sawAny":true}
{"t":374.75,"event":"sent","label":"enter_12","bytes":1}
{"t":374.95,"event":"probe_rt","probeCount":12,"ms":200,"sawAny":true}
{"t":374.95,"event":"done","totalBanners":1}
{"t":374.95,"event":"ws_close","code":1000,"reason":""}
