[1;36m╔════════════════════════════════════════════════╗
║  Nimbus v2.0.0 — Cloud Dev Environment          ║
║  node · npm · esbuild · vite · wrangler dev   ║
║  10 GB VFS · Dynamic Workers · HMR             ║
╚════════════════════════════════════════════════╝[0m

[2mStarter app ready at [36m~/app[0m[2m — try:[0m
  [36mcd app && npm install && npm run dev[0m

[1m[32muser@nimbus[0m:[1m[34m~[0m$ [J[1m[32muser@nimbus[0m:[1m[34m~[0m$ cd app && npm i[30C
[36mInstalling dependencies from package.json (npm v2 — batched writes)...[0m
[npm] [npm] Lazy fetch-proxy: skipped (all facet paths default-on)
[npm] Checking lockfile...
[npm] Framework detected — installing framework-required packages (vite, …).
[npm] Resolving 5 dependencies (path: facet, fetch: global)...
[npm]   resolver-facet: shipping 0 cached entries
[npm]   resolver-facet: 15 resolved, 15 packuments fetched (39.3 MiB), peak in-flight=4, cache writes=85, R2 packument cache wins=7/15, elapsed=4.3s
[npm] Resolved 15 packages.
[npm] To fetch: 15, to restore: 0, already installed: 0
[npm] Fetching 15 packages... (path: batch-facet)
[npm] Dispatching 15 packages to batch-facet (single worker, internal pLimit=3)...
[npm] Batch-facet complete: 15/15 packages, 4097 files, 5.6 MiB tarball bytes, peak in-flight=3, R2 cache wins=14/15, 1.7s
[npm]   synthesized entry for lucide-react (barrel: 3509 files; 15 static imports → tree-shaken bundle)
[npm] Pre-bundling 8 modules... (supervisor heap 0.0 MiB)
[npm] Done! 15 packages, 4097 files in 6.1s

[32madded 15 packages (4097 files) in 6.1s[0m
[1m[32muser@nimbus[0m:[1m[34m~/app[0m$ [J[1m[32muser@nimbus[0m:[1m[34m~/app[0m$ npm run dev[30C

> nimbus-starter@0.1.0 dev
> vite


[1;36m  Nimbus Vite Dev Server v2.0[0m

  [32m➜[0m  Preview:    [36m/s/snowy-peak-3541/preview/[0m
  [32m➜[0m  Root:       home/user/app
  [32m➜[0m  Port:       5173
  [32m➜[0m  Transforms: .ts .tsx .jsx (React JSX automatic)
  [32m➜[0m  Aliases:    
  [32m➜[0m  Tailwind:   edge-vendored Play CDN [2m(detected)[0m

  [2mRun [0mvite stop[2m to stop.[0m

[1m[32muser@nimbus[0m:[1m[34m~/app[0m$ [npm]   [warn] framer-motion: unresolved bare import "@emotion/is-prop-valid" from /home/user/app/node_modules/framer-motion/dist/es/render/dom/utils/filter-props.mjs → marked external
[npm] Pre-bundle complete: 8/8 succeeded. (supervisor heap 0.0 MiB, Δ+0.0 MiB)

[1m[32muser@nimbus[0m:[1m[34m~/app[0m$ 
[1m[32muser@nimbus[0m:[1m[34m~/app[0m$ 
[1m[32muser@nimbus[0m:[1m[34m~/app[0m$ 
[1m[32muser@nimbus[0m:[1m[34m~/app[0m$ 
[1m[32muser@nimbus[0m:[1m[34m~/app[0m$ 
[1m[32muser@nimbus[0m:[1m[34m~/app[0m$ 
[1m[32muser@nimbus[0m:[1m[34m~/app[0m$ 
[1m[32muser@nimbus[0m:[1m[34m~/app[0m$ 
[1m[32muser@nimbus[0m:[1m[34m~/app[0m$ 
[1m[32muser@nimbus[0m:[1m[34m~/app[0m$ 
[1m[32muser@nimbus[0m:[1m[34m~/app[0m$ 
[1m[32muser@nimbus[0m:[1m[34m~/app[0m$ 