==== PROBE: f2-compare-fanout-drizzle ====
==== TIMESTAMP: 2026-05-09T17:27:39.343Z ====
==== SID: wary-tortoise-0855 ====
---- initial banner ----
╔════════════════════════════════════════════════╗
║  Nimbus v2.0.0 — Cloud Dev Environment          ║
║  node · npm · esbuild · vite · wrangler dev   ║
║  10 GB VFS · Dynamic Workers · HMR             ║
╚════════════════════════════════════════════════╝

Starter app ready at ~/app — try:
  cd app && npm install && npm run dev

user@nimbus:~$ 
---- end banner ----

---- STEP cmd: cd /home/user/app && rm -rf node_modules package.json package-lock.json 2>/dev/null; echo '{"name":"f2","version":"0.0.0"}' > package.json && cat package.json ----
user@nimbus:~$ cd /home/user/app && rm -rf node_modules package.json package-lock.json 2>/dev/null; echo '{"name":"f2","version":"0.0.0"}' > package.json && cat package.json
ENOENT: '/dev': no such file or directory
user@nimbus:~/app$ 
---- step done in 500ms (wsClosed=false) ----

---- STEP cmd: npm install drizzle-orm ----
user@nimbus:~/app$ npm install drizzle-orm
Installing 1 packages (npm v2 — batched writes)...
[npm] [npm] Lazy fetch-proxy: skipped (all facet paths default-on)
[npm] Checking lockfile...
[npm] Framework detected — installing framework-required packages (vite, …).
[npm] Resolving 1 dependencies (path: fanout, fetch: global)...
[npm] [f2-frontier] N=0 width=1 resolved-so-far=0 seen=1
[npm] [resolve-fanout] [skip] sql.js — optional peer in REJECT_INSTALL: sql.js — Installs but fails at runtime: ENOENT on dist/sql-wasm.wasm. Loader gap NOT in tar extraction — likely between streamTarEntries and writeBatch RPC handler, or in cirrus-real fs shim. See audit/probes/w6.5/spike/sql-js.verdict.md.
[npm] [resolve-fanout] [skip] sqlite3 — optional peer in REJECT_INSTALL: sqlite3 — Native sqlite3 .node binding.
[npm] [resolve-fanout] [skip] @prisma/client — optional peer in REJECT_INSTALL: @prisma/client — Same as `prisma` (native query engine).
[npm] [resolve-fanout] [skip] better-sqlite3 — optional peer in REJECT_INSTALL: better-sqlite3 — Native sqlite .node binding.
[npm] [f2-frontier] N=1 width=24 resolved-so-far=1 seen=25
[npm] [f2-frontier] N=2 width=90 resolved-so-far=25 seen=115
[npm] [npm] [skip] bufferutil — Native binding for ws speedups; install requires node-gyp.
[npm] [f2-frontier] N=3 width=99 resolved-so-far=113 seen=214
[npm] [resolve-fanout] [skip] @libsql/darwin-x64 — optional native binding (os=darwin, cpu=x64, libc=*, main=index.node)
[npm] [resolve-fanout] [skip] @libsql/darwin-arm64 — optional native binding (os=darwin, cpu=arm64, libc=*, main=index.node)
[npm] [resolve-fanout] [skip] @libsql/linux-x64-gnu — optional native binding (os=linux, cpu=x64, libc=*, main=index.node)
[npm] [resolve-fanout] [skip] @libsql/linux-x64-musl — optional native binding (os=linux, cpu=x64, libc=*, main=index.node)
[npm] [resolve-fanout] [skip] @libsql/win32-x64-msvc — optional native binding (os=win32, cpu=x64, libc=*, main=index.node)
[npm] [resolve-fanout] [skip] @libsql/linux-arm64-gnu — optional native binding (os=linux, cpu=arm64, libc=*, main=index.node)
[npm] [resolve-fanout] [skip] @libsql/linux-arm64-musl — optional native binding (os=linux, cpu=arm64, libc=*, main=index.node)
[npm] [resolve-fanout] [skip] @libsql/linux-arm-gnueabihf — optional native binding (os=linux, cpu=arm, libc=*, main=index.node)
[npm] [resolve-fanout] [skip] @libsql/linux-arm-musleabihf — optional native binding (os=linux, cpu=arm, libc=*, main=index.node)
[npm] [f2-frontier] N=4 width=134 resolved-so-far=203 seen=348
[npm] [resolve-fanout] [skip] lightningcss — inside best-effort optional-peer subtree (X.5-drizzle): Native Rust CSS parser; .node bindings + wasm32-wasi-only WASM build; workerd has no node:wasi; detect-libc also fails.
[npm] [f2-frontier] N=5 width=156 resolved-so-far=334 seen=504
[npm] [f2-frontier] N=6 width=66 resolved-so-far=489 seen=570
[npm] [f2-frontier] N=7 width=35 resolved-so-far=552 seen=605
[npm] [npm] [skip] fsevents — macOS-only filesystem watcher; never runs in Workers.
[npm] [f2-frontier] N=8 width=12 resolved-so-far=583 seen=617
[npm] [f2-frontier] N=9 width=4 resolved-so-far=595 seen=621
[npm] [f2-frontier] N=10 width=1 resolved-so-far=599 seen=622
[npm] [f2-frontier] N=11 width=1 resolved-so-far=600 seen=623
[npm]   resolver-fanout: 601 resolved, 610 packuments fetched (362.3 MiB), peak in-flight=156, cache writes=3223, R2 packument cache wins=609/610, layers=12, elapsed=9.0s
[npm] Resolved 601 packages.
[npm] To fetch: 601, to restore: 0, already installed: 0
[npm] Fetching 601 packages... (path: batch-facet)
[npm] Dispatching 601 packages across 32 shards (peer-do (POC B), internal pLimit=3)...
[npm]   [warn] hermes-compiler@250829098.0.10: skipped "hermesc/win64-bin/icudt64.dll" (27534336 bytes) — exceeds per-file cap; file not installed
[npm]   [warn] @op-engineering/op-sqlite@15.2.12: skipped "ios/libsql_experimental.xcframework/ios-arm64_x86_64-simulator/libsql_experimental.framework/libsql_experimental" (20113168 bytes) — exceeds per-file cap; file not installed
[npm]   [warn] @op-engineering/op-sqlite@15.2.12: skipped "ios/turso_sdk_kit.xcframework/ios-arm64_x86_64-simulator/turso_sdk_kit.framework/turso_sdk_kit" (24898224 bytes) — exceeds per-file cap; file not installed
[npm]   [warn] @op-engineering/op-sqlite@15.2.12: skipped "android/src/main/tursoLibs/arm64-v8a/libturso_sdk_kit.so" (63026832 bytes) — exceeds per-file cap; file not installed
[npm]   [warn] @op-engineering/op-sqlite@15.2.12: skipped "android/src/main/tursoLibs/armeabi-v7a/libturso_sdk_kit.so" (47671724 bytes) — exceeds per-file cap; file not installed
[npm]   [warn] @op-engineering/op-sqlite@15.2.12: skipped "android/src/main/tursoLibs/x86_64/libturso_sdk_kit.so" (60768800 bytes) — exceeds per-file cap; file not installed
[npm]   [warn] @op-engineering/op-sqlite@15.2.12: skipped "android/src/main/tursoLibs/x86/libturso_sdk_kit.so" (50526336 bytes) — exceeds per-file cap; file not installed
[npm] Batch-facet complete: 601/601 packages, 29386 files, 256.9 MiB tarball bytes, peak in-flight=3, R2 cache wins=599/601, 47.1s
[npm] Done! 601 packages, 29386 files in 56.4s

added 601 packages (29386 files) in 56.4s
user@nimbus:~/app$ 
---- step done in 56557ms (wsClosed=false) ----

==== END PROBE: f2-compare-fanout-drizzle ====
==== PROBE: f2-compare-fanout-drizzle ====
==== TIMESTAMP: 2026-05-09T17:56:46.329Z ====
==== SID: modern-bobcat-6989 ====
---- initial banner ----
╔════════════════════════════════════════════════╗
║  Nimbus v2.0.0 — Cloud Dev Environment          ║
║  node · npm · esbuild · vite · wrangler dev   ║
║  10 GB VFS · Dynamic Workers · HMR             ║
╚════════════════════════════════════════════════╝

Starter app ready at ~/app — try:
  cd app && npm install && npm run dev

user@nimbus:~$ 
---- end banner ----

---- STEP cmd: cd /home/user/app && rm -rf node_modules package.json package-lock.json 2>/dev/null; echo '{"name":"f2","version":"0.0.0"}' > package.json && cat package.json ----
user@nimbus:~$ cd /home/user/app && rm -rf node_modules package.json package-lock.json 2>/dev/null; echo '{"name":"f2","version":"0.0.0"}' > package.json && cat package.json
ENOENT: '/dev': no such file or directory
user@nimbus:~/app$ 
---- step done in 502ms (wsClosed=false) ----

---- STEP cmd: npm install drizzle-orm ----
user@nimbus:~/app$ npm install drizzle-orm
Installing 1 packages (npm v2 — batched writes)...
[npm] [npm] Lazy fetch-proxy: skipped (all facet paths default-on)
[npm] Checking lockfile...
[npm] Framework detected — installing framework-required packages (vite, …).
[npm] Resolving 1 dependencies (path: fanout, fetch: global)...
[npm] [resolve-fanout] [skip] sql.js — optional peer in REJECT_INSTALL: sql.js — Installs but fails at runtime: ENOENT on dist/sql-wasm.wasm. Loader gap NOT in tar extraction — likely between streamTarEntries and writeBatch RPC handler, or in cirrus-real fs shim. See audit/probes/w6.5/spike/sql-js.verdict.md.
[npm] [resolve-fanout] [skip] sqlite3 — optional peer in REJECT_INSTALL: sqlite3 — Native sqlite3 .node binding.
[npm] [resolve-fanout] [skip] @prisma/client — optional peer in REJECT_INSTALL: @prisma/client — Same as `prisma` (native query engine).
[npm] [resolve-fanout] [skip] better-sqlite3 — optional peer in REJECT_INSTALL: better-sqlite3 — Native sqlite .node binding.
[npm] [npm] [skip] bufferutil — Native binding for ws speedups; install requires node-gyp.
[npm] [resolve-fanout] [skip] @libsql/darwin-x64 — optional native binding (os=darwin, cpu=x64, libc=*, main=index.node)
[npm] [resolve-fanout] [skip] @libsql/darwin-arm64 — optional native binding (os=darwin, cpu=arm64, libc=*, main=index.node)
[npm] [resolve-fanout] [skip] @libsql/linux-x64-gnu — optional native binding (os=linux, cpu=x64, libc=*, main=index.node)
[npm] [resolve-fanout] [skip] @libsql/linux-x64-musl — optional native binding (os=linux, cpu=x64, libc=*, main=index.node)
[npm] [resolve-fanout] [skip] @libsql/win32-x64-msvc — optional native binding (os=win32, cpu=x64, libc=*, main=index.node)
[npm] [resolve-fanout] [skip] @libsql/linux-arm64-gnu — optional native binding (os=linux, cpu=arm64, libc=*, main=index.node)
[npm] [resolve-fanout] [skip] @libsql/linux-arm64-musl — optional native binding (os=linux, cpu=arm64, libc=*, main=index.node)
[npm] [resolve-fanout] [skip] @libsql/linux-arm-gnueabihf — optional native binding (os=linux, cpu=arm, libc=*, main=index.node)
[npm] [resolve-fanout] [skip] @libsql/linux-arm-musleabihf — optional native binding (os=linux, cpu=arm, libc=*, main=index.node)
[npm] [resolve-fanout] [skip] lightningcss — inside best-effort optional-peer subtree (X.5-drizzle): Native Rust CSS parser; .node bindings + wasm32-wasi-only WASM build; workerd has no node:wasi; detect-libc also fails.
[npm] [npm] [skip] fsevents — macOS-only filesystem watcher; never runs in Workers.
[npm]   resolver-fanout: 601 resolved, 610 packuments fetched (362.3 MiB), peak in-flight=156, cache writes=3223, R2 packument cache wins=24/610, layers=12, elapsed=11.9s
[npm] Resolved 601 packages.
[npm] To fetch: 601, to restore: 0, already installed: 0
[npm] Fetching 601 packages... (path: batch-facet)
[npm] Dispatching 601 packages across 32 shards (peer-do (POC B), internal pLimit=3)...
[npm]   [batch-fanout] aborted: ExecutionError: Worker exceeded memory limit.
npm install failed: batch-fanout install failed: ExecutionError: Worker exceeded memory limit.
user@nimbus:~/app$ 
---- step done in 288763ms (wsClosed=true) ----

==== END PROBE: f2-compare-fanout-drizzle ====
