==== PROBE: f2-compare-fanout-webpack ====
==== TIMESTAMP: 2026-05-09T17:27:30.259Z ====
==== SID: stormy-plateau-0188 ====
---- initial banner ----
╔════════════════════════════════════════════════╗
║  Nimbus v2.0.0 — Cloud Dev Environment          ║
║  node · npm · esbuild · vite · wrangler dev   ║
║  10 GB VFS · Dynamic Workers · HMR             ║
╚════════════════════════════════════════════════╝

Starter app ready at ~/app — try:
  cd app && npm install && npm run dev

user@nimbus:~$ 
---- end banner ----

---- STEP cmd: cd /home/user/app && rm -rf node_modules package.json package-lock.json 2>/dev/null; echo '{"name":"f2","version":"0.0.0"}' > package.json && cat package.json ----
user@nimbus:~$ cd /home/user/app && rm -rf node_modules package.json package-lock.json 2>/dev/null; echo '{"name":"f2","version":"0.0.0"}' > package.json && cat package.json
ENOENT: '/dev': no such file or directory
user@nimbus:~/app$ 
---- step done in 501ms (wsClosed=false) ----

---- STEP cmd: npm install webpack ----
user@nimbus:~/app$ npm install webpack
Installing 1 packages (npm v2 — batched writes)...
[npm] [npm] Lazy fetch-proxy: skipped (all facet paths default-on)
[npm] Checking lockfile...
[npm] Framework detected — installing framework-required packages (vite, …).
[npm] Resolving 1 dependencies (path: fanout, fetch: global)...
[npm] [f2-frontier] N=0 width=1 resolved-so-far=0 seen=1
[npm] [f2-frontier] N=1 width=24 resolved-so-far=1 seen=25
[npm] [f2-frontier] N=2 width=24 resolved-so-far=22 seen=49
[npm] [f2-frontier] N=3 width=17 resolved-so-far=46 seen=66
[npm] [f2-frontier] N=4 width=4 resolved-so-far=62 seen=70
[npm]   resolver-fanout: 66 resolved, 66 packuments fetched (21.9 MiB), peak in-flight=24, cache writes=331, R2 packument cache wins=66/66, layers=5, elapsed=1.1s
[npm] Resolved 66 packages.
[npm] To fetch: 66, to restore: 0, already installed: 0
[npm] Fetching 66 packages... (path: batch-facet)
[npm] Dispatching 66 packages across 32 shards (peer-do (POC B), internal pLimit=3)...
[npm] Batch-facet complete: 66/66 packages, 3091 files, 3.3 MiB tarball bytes, peak in-flight=3, R2 cache wins=66/66, 1.8s
[npm] Done! 66 packages, 3091 files in 3.1s

added 66 packages (3091 files) in 3.1s
user@nimbus:~/app$ 
---- step done in 3504ms (wsClosed=false) ----

==== END PROBE: f2-compare-fanout-webpack ====
==== PROBE: f2-compare-fanout-webpack ====
==== TIMESTAMP: 2026-05-09T17:56:31.776Z ====
==== SID: hasty-sapphire-1935 ====
---- initial banner ----
╔════════════════════════════════════════════════╗
║  Nimbus v2.0.0 — Cloud Dev Environment          ║
║  node · npm · esbuild · vite · wrangler dev   ║
║  10 GB VFS · Dynamic Workers · HMR             ║
╚════════════════════════════════════════════════╝

Starter app ready at ~/app — try:
  cd app && npm install && npm run dev

user@nimbus:~$ 
---- end banner ----

---- STEP cmd: cd /home/user/app && rm -rf node_modules package.json package-lock.json 2>/dev/null; echo '{"name":"f2","version":"0.0.0"}' > package.json && cat package.json ----
user@nimbus:~$ cd /home/user/app && rm -rf node_modules package.json package-lock.json 2>/dev/null; echo '{"name":"f2","version":"0.0.0"}' > package.json && cat package.json
ENOENT: '/dev': no such file or directory
user@nimbus:~/app$ 
---- step done in 501ms (wsClosed=false) ----

---- STEP cmd: npm install webpack ----
user@nimbus:~/app$ npm install webpack
Installing 1 packages (npm v2 — batched writes)...
[npm] [npm] Lazy fetch-proxy: skipped (all facet paths default-on)
[npm] Checking lockfile...
[npm] Framework detected — installing framework-required packages (vite, …).
[npm] Resolving 1 dependencies (path: fanout, fetch: global)...
[npm]   resolver-fanout: 66 resolved, 66 packuments fetched (21.9 MiB), peak in-flight=24, cache writes=331, layers=5, elapsed=6.3s
[npm] Resolved 66 packages.
[npm] To fetch: 66, to restore: 0, already installed: 0
[npm] Fetching 66 packages... (path: batch-facet)
[npm] Dispatching 66 packages across 32 shards (peer-do (POC B), internal pLimit=3)...
[npm] Batch-facet complete: 66/66 packages, 3091 files, 3.3 MiB tarball bytes, peak in-flight=3, R2 cache wins=1/66, 1.2s
[npm] Done! 66 packages, 3091 files in 8.2s

added 66 packages (3091 files) in 8.2s
user@nimbus:~/app$ 
---- step done in 8514ms (wsClosed=false) ----

==== END PROBE: f2-compare-fanout-webpack ====
