==== PROBE: f2-compare-fanout-zod ====
==== TIMESTAMP: 2026-05-09T17:28:48.963Z ====
==== SID: fancy-kestrel-1274 ====
---- initial banner ----
╔════════════════════════════════════════════════╗
║  Nimbus v2.0.0 — Cloud Dev Environment          ║
║  node · npm · esbuild · vite · wrangler dev   ║
║  10 GB VFS · Dynamic Workers · HMR             ║
╚════════════════════════════════════════════════╝

Starter app ready at ~/app — try:
  cd app && npm install && npm run dev

user@nimbus:~$ 
---- end banner ----

---- STEP cmd: cd /home/user/app && rm -rf node_modules package.json package-lock.json 2>/dev/null; echo '{"name":"f2","version":"0.0.0"}' > package.json && cat package.json ----
user@nimbus:~$ cd /home/user/app && rm -rf node_modules package.json package-lock.json 2>/dev/null; echo '{"name":"f2","version":"0.0.0"}' > package.json && cat package.json
ENOENT: '/dev': no such file or directory
user@nimbus:~/app$ 
---- step done in 500ms (wsClosed=false) ----

---- STEP cmd: npm install zod ----
user@nimbus:~/app$ npm install zod
Installing 1 packages (npm v2 — batched writes)...
[npm] [npm] Lazy fetch-proxy: skipped (all facet paths default-on)
[npm] Checking lockfile...
[npm] Framework detected — installing framework-required packages (vite, …).
[npm] Resolving 1 dependencies (path: fanout, fetch: global)...
[npm] [f2-frontier] N=0 width=1 resolved-so-far=0 seen=1
[npm]   resolver-fanout: 1 resolved, 1 packuments fetched (3.4 MiB), peak in-flight=1, cache writes=6, R2 packument cache wins=1/1, layers=1, elapsed=0.0s
[npm] Resolved 1 packages.
[npm] To fetch: 1, to restore: 0, already installed: 0
[npm] Fetching 1 packages... (path: batch-facet)
[npm] Dispatching 1 packages across 1 shard (in-do (POC C), internal pLimit=3)...
[npm] Batch-facet complete: 1/1 packages, 718 files, 0.7 MiB tarball bytes, peak in-flight=1, R2 cache wins=1/1, 0.3s
[npm] Done! 1 packages, 718 files in 0.3s

added 1 packages (718 files) in 0.3s
user@nimbus:~/app$ 
---- step done in 500ms (wsClosed=false) ----

==== END PROBE: f2-compare-fanout-zod ====
==== PROBE: f2-compare-fanout-zod ====
==== TIMESTAMP: 2026-05-09T18:01:55.827Z ====
==== SID: eastern-crystal-1545 ====
---- initial banner ----
╔════════════════════════════════════════════════╗
║  Nimbus v2.0.0 — Cloud Dev Environment          ║
║  node · npm · esbuild · vite · wrangler dev   ║
║  10 GB VFS · Dynamic Workers · HMR             ║
╚════════════════════════════════════════════════╝

Starter app ready at ~/app — try:
  cd app && npm install && npm run dev

user@nimbus:~$ 
---- end banner ----

---- STEP cmd: cd /home/user/app && rm -rf node_modules package.json package-lock.json 2>/dev/null; echo '{"name":"f2","version":"0.0.0"}' > package.json && cat package.json ----
user@nimbus:~$ cd /home/user/app && rm -rf node_modules package.json package-lock.json 2>/dev/null; echo '{"name":"f2","version":"0.0.0"}' > package.json && cat package.json
ENOENT: '/dev': no such file or directory
user@nimbus:~/app$ 
---- step done in 502ms (wsClosed=false) ----

---- STEP cmd: npm install zod ----
user@nimbus:~/app$ npm install zod
Installing 1 packages (npm v2 — batched writes)...
[npm] [npm] Lazy fetch-proxy: skipped (all facet paths default-on)
[npm] Checking lockfile...
[npm] Framework detected — installing framework-required packages (vite, …).
[npm] Resolving 1 dependencies (path: fanout, fetch: global)...
[npm]   resolver-fanout: 1 resolved, 1 packuments fetched (3.4 MiB), peak in-flight=1, cache writes=6, layers=1, elapsed=0.7s
[npm] Resolved 1 packages.
[npm] To fetch: 1, to restore: 0, already installed: 0
[npm] Fetching 1 packages... (path: batch-facet)
[npm] Dispatching 1 packages across 1 shard (in-do (POC C), internal pLimit=3)...
[npm] Batch-facet complete: 1/1 packages, 718 files, 0.7 MiB tarball bytes, peak in-flight=1, 0.5s
[npm] Done! 1 packages, 718 files in 1.2s

added 1 packages (718 files) in 1.2s
user@nimbus:~/app$ 
---- step done in 1502ms (wsClosed=false) ----

==== END PROBE: f2-compare-fanout-zod ====
