==== PROBE: f2-compare-facet-express ====
==== TIMESTAMP: 2026-05-09T17:30:52.721Z ====
==== SID: firm-lynx-5120 ====
---- initial banner ----
╔════════════════════════════════════════════════╗
║  Nimbus v2.0.0 — Cloud Dev Environment          ║
║  node · npm · esbuild · vite · wrangler dev   ║
║  10 GB VFS · Dynamic Workers · HMR             ║
╚════════════════════════════════════════════════╝

Starter app ready at ~/app — try:
  cd app && npm install && npm run dev

user@nimbus:~$ 
---- end banner ----

---- STEP cmd: cd /home/user/app && rm -rf node_modules package.json package-lock.json 2>/dev/null; echo '{"name":"f2","version":"0.0.0"}' > package.json && cat package.json ----
user@nimbus:~$ cd /home/user/app && rm -rf node_modules package.json package-lock.json 2>/dev/null; echo '{"name":"f2","version":"0.0.0"}' > package.json && cat package.json
ENOENT: '/dev': no such file or directory
user@nimbus:~/app$ 
---- step done in 500ms (wsClosed=false) ----

---- STEP cmd: npm install express ----
user@nimbus:~/app$ npm install express
Installing 1 packages (npm v2 — batched writes)...
[npm] [npm] Lazy fetch-proxy: skipped (all facet paths default-on)
[npm] Checking lockfile...
[npm] Framework detected — installing framework-required packages (vite, …).
[npm] Resolving 1 dependencies (path: facet, fetch: global)...
[npm]   resolver-facet: shipping 0 cached entries
[npm] [f2-layer-width] N=0 width=1 queueRemain=0 resolved=0 seen=0
[npm] [f2-layer-width] N=1 width=4 queueRemain=24 resolved=1 seen=1
[npm] [f2-layer-width] N=2 width=4 queueRemain=22 resolved=5 seen=5
[npm] [f2-layer-width] N=3 width=4 queueRemain=27 resolved=9 seen=9
[npm] [f2-layer-width] N=4 width=4 queueRemain=31 resolved=13 seen=13
[npm] [f2-layer-width] N=5 width=4 queueRemain=28 resolved=17 seen=17
[npm] [f2-layer-width] N=6 width=4 queueRemain=34 resolved=21 seen=21
[npm] [f2-layer-width] N=7 width=4 queueRemain=31 resolved=25 seen=25
[npm] [f2-layer-width] N=8 width=4 queueRemain=27 resolved=29 seen=29
[npm] [f2-layer-width] N=9 width=4 queueRemain=28 resolved=31 seen=31
[npm] [f2-layer-width] N=10 width=4 queueRemain=24 resolved=32 seen=32
[npm] [f2-layer-width] N=11 width=4 queueRemain=20 resolved=33 seen=33
[npm] [f2-layer-width] N=12 width=4 queueRemain=16 resolved=35 seen=35
[npm] [f2-layer-width] N=13 width=4 queueRemain=12 resolved=37 seen=37
[npm] [f2-layer-width] N=14 width=4 queueRemain=10 resolved=41 seen=41
[npm] [f2-layer-width] N=15 width=4 queueRemain=7 resolved=43 seen=43
[npm] [f2-layer-width] N=16 width=4 queueRemain=3 resolved=47 seen=47
[npm] [f2-layer-width] N=17 width=4 queueRemain=3 resolved=51 seen=51
[npm] [f2-layer-width] N=18 width=4 queueRemain=1 resolved=54 seen=54
[npm] [f2-layer-width] N=19 width=4 queueRemain=9 resolved=56 seen=56
[npm] [f2-layer-width] N=20 width=4 queueRemain=8 resolved=59 seen=59
[npm] [f2-layer-width] N=21 width=4 queueRemain=4 resolved=63 seen=63
[npm] [f2-layer-width] N=22 width=4 queueRemain=0 resolved=67 seen=67
[npm]   resolver-facet: 68 resolved, 68 packuments fetched (4.1 MiB), peak in-flight=4, cache writes=299, R2 packument cache wins=31/68, elapsed=1.0s
[npm] Resolved 68 packages.
[npm] To fetch: 68, to restore: 0, already installed: 0
[npm] Fetching 68 packages... (path: batch-facet)
[npm] Dispatching 68 packages across 32 shards (peer-do (POC B), internal pLimit=3)...
[npm] Batch-facet complete: 68/68 packages, 628 files, 0.7 MiB tarball bytes, peak in-flight=3, R2 cache wins=68/68, 0.5s
[npm] Done! 68 packages, 628 files in 1.8s

added 68 packages (628 files) in 1.8s
user@nimbus:~/app$ 
---- step done in 2001ms (wsClosed=false) ----

==== END PROBE: f2-compare-facet-express ====
