==== PROBE: f2-compare-facet-webpack ====
==== TIMESTAMP: 2026-05-09T17:29:24.546Z ====
==== SID: rustic-forest-4393 ====
---- initial banner ----
╔════════════════════════════════════════════════╗
║  Nimbus v2.0.0 — Cloud Dev Environment          ║
║  node · npm · esbuild · vite · wrangler dev   ║
║  10 GB VFS · Dynamic Workers · HMR             ║
╚════════════════════════════════════════════════╝

Starter app ready at ~/app — try:
  cd app && npm install && npm run dev

user@nimbus:~$ 
---- end banner ----

---- STEP cmd: cd /home/user/app && rm -rf node_modules package.json package-lock.json 2>/dev/null; echo '{"name":"f2","version":"0.0.0"}' > package.json && cat package.json ----
user@nimbus:~$ cd /home/user/app && rm -rf node_modules package.json package-lock.json 2>/dev/null; echo '{"name":"f2","version":"0.0.0"}' > package.json && cat package.json
ENOENT: '/dev': no such file or directory
user@nimbus:~/app$ 
---- step done in 500ms (wsClosed=false) ----

---- STEP cmd: npm install webpack ----
user@nimbus:~/app$ npm install webpack
Installing 1 packages (npm v2 — batched writes)...
[npm] [npm] Lazy fetch-proxy: skipped (all facet paths default-on)
[npm] Checking lockfile...
[npm] Framework detected — installing framework-required packages (vite, …).
[npm] Resolving 1 dependencies (path: facet, fetch: global)...
[npm]   resolver-facet: shipping 0 cached entries
[npm] [f2-layer-width] N=0 width=1 queueRemain=0 resolved=0 seen=0
[npm] [f2-layer-width] N=1 width=4 queueRemain=20 resolved=1 seen=1
[npm] [f2-layer-width] N=2 width=4 queueRemain=18 resolved=2 seen=5
[npm] [f2-layer-width] N=3 width=4 queueRemain=25 resolved=6 seen=9
[npm] [f2-layer-width] N=4 width=4 queueRemain=28 resolved=10 seen=13
[npm] [f2-layer-width] N=5 width=4 queueRemain=26 resolved=14 seen=17
[npm] [f2-layer-width] N=6 width=4 queueRemain=25 resolved=18 seen=21
[npm] [f2-layer-width] N=7 width=4 queueRemain=24 resolved=22 seen=25
[npm] [f2-layer-width] N=8 width=4 queueRemain=23 resolved=25 seen=28
[npm] [f2-layer-width] N=9 width=4 queueRemain=23 resolved=29 seen=32
[npm] [f2-layer-width] N=10 width=4 queueRemain=21 resolved=32 seen=35
[npm] [f2-layer-width] N=11 width=4 queueRemain=17 resolved=36 seen=39
[npm] [f2-layer-width] N=12 width=4 queueRemain=15 resolved=38 seen=41
[npm] [f2-layer-width] N=13 width=4 queueRemain=15 resolved=42 seen=45
[npm] [f2-layer-width] N=14 width=4 queueRemain=20 resolved=46 seen=49
[npm] [f2-layer-width] N=15 width=4 queueRemain=16 resolved=48 seen=51
[npm] [f2-layer-width] N=16 width=4 queueRemain=12 resolved=49 seen=52
[npm] [f2-layer-width] N=17 width=4 queueRemain=8 resolved=52 seen=55
[npm] [f2-layer-width] N=18 width=4 queueRemain=4 resolved=55 seen=58
[npm] [f2-layer-width] N=19 width=4 queueRemain=0 resolved=58 seen=62
[npm] [f2-layer-width] N=20 width=4 queueRemain=0 resolved=62 seen=66
[npm]   resolver-facet: 66 resolved, 66 packuments fetched (21.9 MiB), peak in-flight=4, cache writes=331, elapsed=2.6s
[npm] Resolved 66 packages.
[npm] To fetch: 66, to restore: 0, already installed: 0
[npm] Fetching 66 packages... (path: batch-facet)
[npm] Dispatching 66 packages across 32 shards (peer-do (POC B), internal pLimit=3)...
[npm] Batch-facet complete: 66/66 packages, 3091 files, 3.3 MiB tarball bytes, peak in-flight=3, R2 cache wins=66/66, 1.7s
[npm] Done! 66 packages, 3091 files in 4.6s

added 66 packages (3091 files) in 4.6s
user@nimbus:~/app$ 
---- step done in 5005ms (wsClosed=false) ----

==== END PROBE: f2-compare-facet-webpack ====
